<?xml version="1.0" encoding="UTF-8"?>
<!-- Generated by org.testng.reporters.JUnitReportReporter -->
<testsuite hostname="G14" failures="0" tests="1" name="com.browserstack.run_first_test.FirstTest" time="32.078" errors="0" timestamp="11 Jul 2022 07:19:39 GMT">
  <testcase classname="com.browserstack.run_first_test.FirstTest" name="test" time="32.078"/>
</testsuite> <!-- com.browserstack.run_first_test.FirstTest -->
